<?xml version="1.0" encoding="UTF-8"?>
<!-- Generated by org.testng.reporters.JUnitXMLReporter -->
<testsuite ignored="0" hostname="LAPTOP-H6MNQP0B" failures="0" tests="3" name="Default test" time="0.207" errors="0" timestamp="2023-05-24T18:45:40 IST">
  <testcase classname="com.newtest.g1.DataProviderTest" name="verifyLogin" time="0.03"/>
  <testcase classname="com.newtest.g1.DataProviderTest" name="verifyLogin" time="0.004"/>
  <testcase classname="com.newtest.g1.DataProviderTest" name="verifyLogin" time="0.006"/>
</testsuite> <!-- Default test -->
