<?xml version="1.0" encoding="UTF-8"?>
<testng-results ignored="0" total="3" passed="3" failed="0" skipped="0">
  <reporter-output>
  </reporter-output>
  <suite started-at="2023-05-24T18:45:40 IST" name="Default suite" finished-at="2023-05-24T18:45:40 IST" duration-ms="207">
    <groups>
    </groups>
    <test started-at="2023-05-24T18:45:40 IST" name="Default test" finished-at="2023-05-24T18:45:40 IST" duration-ms="207">
      <class name="com.newtest.g1.DataProviderTest">
        <test-method signature="verifyLogin(java.lang.String,java.lang.String)[pri:0, instance:com.newtest.g1.DataProviderTest@703580bf]" started-at="2023-05-24T18:45:40 IST" name="verifyLogin" data-provider="loginCredentials" finished-at="2023-05-24T18:45:40 IST" duration-ms="30" status="PASS">
          <params>
            <param index="0">
              <value>
                <![CDATA[test1@test.com]]>
              </value>
            </param>
            <param index="1">
              <value>
                <![CDATA[1234]]>
              </value>
            </param>
          </params>
          <reporter-output>
          </reporter-output>
        </test-method> <!-- verifyLogin -->
        <test-method signature="verifyLogin(java.lang.String,java.lang.String)[pri:0, instance:com.newtest.g1.DataProviderTest@703580bf]" started-at="2023-05-24T18:45:40 IST" name="verifyLogin" data-provider="loginCredentials" finished-at="2023-05-24T18:45:40 IST" duration-ms="4" status="PASS">
          <params>
            <param index="0">
              <value>
                <![CDATA[test2@test.com]]>
              </value>
            </param>
            <param index="1">
              <value>
                <![CDATA[1234]]>
              </value>
            </param>
          </params>
          <reporter-output>
          </reporter-output>
        </test-method> <!-- verifyLogin -->
        <test-method signature="verifyLogin(java.lang.String,java.lang.String)[pri:0, instance:com.newtest.g1.DataProviderTest@703580bf]" started-at="2023-05-24T18:45:40 IST" name="verifyLogin" data-provider="loginCredentials" finished-at="2023-05-24T18:45:40 IST" duration-ms="6" status="PASS">
          <params>
            <param index="0">
              <value>
                <![CDATA[test3@test.com]]>
              </value>
            </param>
            <param index="1">
              <value>
                <![CDATA[1234]]>
              </value>
            </param>
          </params>
          <reporter-output>
          </reporter-output>
        </test-method> <!-- verifyLogin -->
      </class> <!-- com.newtest.g1.DataProviderTest -->
    </test> <!-- Default test -->
  </suite> <!-- Default suite -->
</testng-results>
